<?xml version="1.0" encoding="UTF-8"?>
<!-- Generated by org.testng.reporters.JUnitReportReporter -->
<testsuite hostname="Shivans-Air" failures="0" tests="1" name="variousConcepts.LearnTestNG" time="4.785" errors="0" timestamp="21 Apr 2023 04:10:30 GMT" skipped="0">
  <testcase classname="variousConcepts.LearnTestNG" name="LoginTest" time="4.785"/>
</testsuite> <!-- variousConcepts.LearnTestNG -->
